<?xml version="1.0" encoding="UTF-8"?>
<!-- Generated by org.testng.reporters.JUnitXMLReporter -->
<testsuite ignored="0" hostname="Nkosi" failures="0" tests="4" name="SwagLabs Web Automatin" time="16.379" errors="0" timestamp="2022-06-09T09:56:37 SAST">
  <testcase classname="org.malitcode.testCases.AboutPage" name="aboutPage" time="6.464"/>
  <testcase classname="org.malitcode.testCases.AddToCart" name="addToCart" time="1.279"/>
  <testcase classname="org.malitcode.testCases.Filters" name="filster" time="0.786"/>
  <testcase classname="org.malitcode.testCases.LoginUser" name="loginUser" time="0.69"/>
</testsuite> <!-- SwagLabs Web Automatin -->
