<?xml version="1.0" encoding="UTF-8"?>
<testng-results ignored="0" total="1" passed="1" failed="0" skipped="0">
  <reporter-output>
  </reporter-output>
  <suite started-at="2022-05-30T16:38:39 SAST" name="Default suite" finished-at="2022-05-30T16:38:43 SAST" duration-ms="3891">
    <groups>
    </groups>
    <test started-at="2022-05-30T16:38:39 SAST" name="Default test" finished-at="2022-05-30T16:38:43 SAST" duration-ms="3891">
      <class name="org.malitcode.testCases.AddToCart">
        <test-method is-config="true" signature="setUp()[pri:0, instance:org.malitcode.testCases.AddToCart@14555e0a]" started-at="2022-05-30T16:38:39 SAST" name="setUp" finished-at="2022-05-30T16:38:41 SAST" duration-ms="1780" status="PASS">
          <reporter-output>
          </reporter-output>
        </test-method> <!-- setUp -->
        <test-method signature="addToCart()[pri:0, instance:org.malitcode.testCases.AddToCart@14555e0a]" started-at="2022-05-30T16:38:41 SAST" name="addToCart" finished-at="2022-05-30T16:38:42 SAST" duration-ms="1833" status="PASS">
          <reporter-output>
          </reporter-output>
        </test-method> <!-- addToCart -->
        <test-method is-config="true" signature="tearDown()[pri:0, instance:org.malitcode.testCases.AddToCart@14555e0a]" started-at="2022-05-30T16:38:42 SAST" name="tearDown" finished-at="2022-05-30T16:38:43 SAST" duration-ms="220" status="PASS">
          <reporter-output>
          </reporter-output>
        </test-method> <!-- tearDown -->
      </class> <!-- org.malitcode.testCases.AddToCart -->
    </test> <!-- Default test -->
  </suite> <!-- Default suite -->
</testng-results>
