<?xml version="1.0" encoding="UTF-8"?>
<testng-results ignored="0" total="1" passed="1" failed="0" skipped="0">
  <reporter-output>
  </reporter-output>
  <suite started-at="2022-06-08T13:46:03 SAST" name="Default suite" finished-at="2022-06-08T13:46:06 SAST" duration-ms="2948">
    <groups>
    </groups>
    <test started-at="2022-06-08T13:46:03 SAST" name="Default test" finished-at="2022-06-08T13:46:06 SAST" duration-ms="2948">
      <class name="org.malitcode.testCases.Filters">
        <test-method is-config="true" signature="setUp()[pri:0, instance:org.malitcode.testCases.Filters@14555e0a]" started-at="2022-06-08T13:46:03 SAST" name="setUp" finished-at="2022-06-08T13:46:05 SAST" duration-ms="1854" status="PASS">
          <reporter-output>
          </reporter-output>
        </test-method> <!-- setUp -->
        <test-method signature="filster()[pri:0, instance:org.malitcode.testCases.Filters@14555e0a]" started-at="2022-06-08T13:46:05 SAST" name="filster" finished-at="2022-06-08T13:46:06 SAST" duration-ms="840" status="PASS">
          <reporter-output>
          </reporter-output>
        </test-method> <!-- filster -->
        <test-method is-config="true" signature="tearDown()[pri:0, instance:org.malitcode.testCases.Filters@14555e0a]" started-at="2022-06-08T13:46:06 SAST" name="tearDown" finished-at="2022-06-08T13:46:06 SAST" duration-ms="212" status="PASS">
          <reporter-output>
          </reporter-output>
        </test-method> <!-- tearDown -->
      </class> <!-- org.malitcode.testCases.Filters -->
    </test> <!-- Default test -->
  </suite> <!-- Default suite -->
</testng-results>
